<?xml version="1.0" encoding="UTF-8"?>
<!-- Generated by org.testng.reporters.JUnitXMLReporter -->
<testsuite ignored="0" hostname="LAPTOP-HOOJ0KJ2" failures="0" tests="5" name="Sanity Tests execution over Firefox Browser" time="63.474" errors="0" timestamp="05 Jun 2022 09:57:05 GMT">
  <testcase classname="sanitySuite.LoginPageTest" name="wrong_email_login_attempt" time="4.885"/>
  <testcase classname="sanitySuite.LoginPageTest" name="wrong_password_login_attempt" time="11.838"/>
  <testcase classname="sanitySuite.LoginPageTest" name="responsive_login_page_test" time="5.02"/>
  <testcase classname="sanitySuite.LoginPageTest" name="real_email_and_password_login_verify" time="5.489"/>
  <testcase classname="sanitySuite.CreateDeliveryTest" name="login_to_real_account_and_navigate_to_create_delivery" time="22.485"/>
</testsuite> <!-- Sanity Tests execution over Firefox Browser -->
