<?xml version="1.0" encoding="UTF-8"?>
<!-- Generated by org.testng.reporters.JUnitXMLReporter -->
<testsuite ignored="0" hostname="LAPTOP-HOOJ0KJ2" failures="0" tests="5" name="Sanity Tests execution over Firefox Browser" time="71.694" errors="0" timestamp="05 Jun 2022 11:07:17 GMT">
  <testcase classname="sanitySuite.LoginPageTest" name="wrong_email_login_attempt" time="5.912"/>
  <testcase classname="sanitySuite.LoginPageTest" name="wrong_password_login_attempt" time="4.923"/>
  <testcase classname="sanitySuite.LoginPageTest" name="responsive_login_page_test" time="16.904"/>
  <testcase classname="sanitySuite.LoginPageTest" name="real_email_and_password_login_verify" time="5.226"/>
  <testcase classname="sanitySuite.CreateDeliveryTest" name="login_to_real_account_and_navigate_to_create_delivery" time="26.792"/>
</testsuite> <!-- Sanity Tests execution over Firefox Browser -->
