<?xml version="1.0" encoding="UTF-8"?>
<testsuite xmlns:xsi="http://www.w3.org/2001/XMLSchema-instance" xsi:schemaLocation="https://maven.apache.org/surefire/maven-surefire-plugin/xsd/surefire-test-report.xsd" name="TestSuite" time="175.658" tests="15" errors="0" skipped="0" failures="0">
  <properties>
[...]
</properties>
  <testcase name="wrong_email_login_attempt" classname="sanitySuite.LoginPageTest" time="5.883"/>
  <testcase name="wrong_email_login_attempt" classname="sanitySuite.LoginPageTest" time="4.885"/>
  <testcase name="wrong_email_login_attempt" classname="sanitySuite.LoginPageTest" time="11.898"/>
  <testcase name="wrong_password_login_attempt" classname="sanitySuite.LoginPageTest" time="4.728"/>
  <testcase name="wrong_password_login_attempt" classname="sanitySuite.LoginPageTest" time="11.838"/>
  <testcase name="wrong_password_login_attempt" classname="sanitySuite.LoginPageTest" time="12.548"/>
  <testcase name="responsive_login_page_test" classname="sanitySuite.LoginPageTest" time="4.336"/>
  <testcase name="responsive_login_page_test" classname="sanitySuite.LoginPageTest" time="5.02"/>
  <testcase name="responsive_login_page_test" classname="sanitySuite.LoginPageTest" time="4.602"/>
  <testcase name="real_email_and_password_login_verify" classname="sanitySuite.LoginPageTest" time="4.906"/>
  <testcase name="real_email_and_password_login_verify" classname="sanitySuite.LoginPageTest" time="5.489"/>
  <testcase name="real_email_and_password_login_verify" classname="sanitySuite.LoginPageTest" time="5.748"/>
  <testcase name="login_to_real_account_and_navigate_to_create_delivery" classname="sanitySuite.CreateDeliveryTest" time="15.854"/>
  <testcase name="login_to_real_account_and_navigate_to_create_delivery" classname="sanitySuite.CreateDeliveryTest" time="22.485"/>
  <testcase name="login_to_real_account_and_navigate_to_create_delivery" classname="sanitySuite.CreateDeliveryTest" time="22.624"/>
</testsuite>